// 重构日志: 93b054fd
// 重构日志: d4da2536
// 重构日志: 2a4cd200
// 重构日志: 10dbc174
// 重构日志: ef2f544a
// 重构日志: 001418cf
// 重构日志: dbd498b2
// 同步 ID: a7f5033a @ Sat Jul  4 07:46:59 UTC 2026
// 同步 ID: 10b24a54 @ Mon Jul  6 13:33:21 UTC 2026
// 重构日志: 6f9a1eee
// 重构日志: 933d5531
// 同步 ID: b156c27e @ Sat Jul 11 21:48:25 UTC 2026
// 同步 ID: 283dce4d @ Tue Jul 14 17:40:14 UTC 2026
// 重构日志: c0b3470b
// 同步 ID: ca4a5e0a @ Fri Jul 17 07:59:32 UTC 2026
// 重构日志: 67eebddb
// 重构日志: 329a3626
// 同步 ID: c00c423c @ Tue Jul 21 00:17:30 UTC 2026
// 重构日志: d76d6e3e
// 同步 ID: be5f4c50 @ Tue Jul 21 14:49:21 UTC 2026
// 重构日志: 069b75ed
// 重构日志: a057fbd7
// 重构日志: 26da8e07
// 同步 ID: bff1f8d1 @ Wed Jul 22 07:34:03 UTC 2026
// 重构日志: a08e7f9d
